This file contains any messages produced by compilers while
running configure, to aid debugging if configure makes a mistake.

It was created by quda configure 0.4, which was
generated by GNU Autoconf 2.63.  Invocation command line was

  $ ./configure 

## --------- ##
## Platform. ##
## --------- ##

hostname = justin-laptop
uname -m = i686
uname -r = 3.0.0-15-generic
uname -s = Linux
uname -v = #26-Ubuntu SMP Fri Jan 20 15:59:53 UTC 2012

/usr/bin/uname -p = unknown
/bin/uname -X     = unknown

/bin/arch              = unknown
/usr/bin/arch -k       = unknown
/usr/convex/getsysinfo = unknown
/usr/bin/hostinfo      = unknown
/bin/machine           = unknown
/usr/bin/oslevel       = unknown
/bin/universe          = unknown

PATH: /usr/lib/lightdm/lightdm
PATH: /usr/local/sbin
PATH: /usr/local/bin
PATH: /usr/sbin
PATH: /usr/bin
PATH: /sbin
PATH: /bin
PATH: /usr/games
PATH: /usr/local/cuda/bin


## ----------- ##
## Core tests. ##
## ----------- ##

configure:1944: checking for gcc
configure:1960: found /usr/bin/gcc
configure:1971: result: gcc
configure:2005: checking for C compiler version
configure:2013: gcc --version >&5
gcc (Ubuntu/Linaro 4.6.1-9ubuntu3) 4.6.1
Copyright (C) 2011 Free Software Foundation, Inc.
This is free software; see the source for copying conditions.  There is NO
warranty; not even for MERCHANTABILITY or FITNESS FOR A PARTICULAR PURPOSE.

configure:2017: $? = 0
configure:2024: gcc -v >&5
Using built-in specs.
COLLECT_GCC=gcc
COLLECT_LTO_WRAPPER=/usr/lib/gcc/i686-linux-gnu/4.6.1/lto-wrapper
Target: i686-linux-gnu
Configured with: ../src/configure -v --with-pkgversion='Ubuntu/Linaro 4.6.1-9ubuntu3' --with-bugurl=file:///usr/share/doc/gcc-4.6/README.Bugs --enable-languages=c,c++,fortran,objc,obj-c++,go --prefix=/usr --program-suffix=-4.6 --enable-shared --enable-linker-build-id --with-system-zlib --libexecdir=/usr/lib --without-included-gettext --enable-threads=posix --with-gxx-include-dir=/usr/include/c++/4.6 --libdir=/usr/lib --enable-nls --with-sysroot=/ --enable-clocale=gnu --enable-libstdcxx-debug --enable-libstdcxx-time=yes --enable-plugin --enable-objc-gc --enable-targets=all --disable-werror --with-arch-32=i686 --with-tune=generic --enable-checking=release --build=i686-linux-gnu --host=i686-linux-gnu --target=i686-linux-gnu
Thread model: posix
gcc version 4.6.1 (Ubuntu/Linaro 4.6.1-9ubuntu3) 
configure:2028: $? = 0
configure:2035: gcc -V >&5
gcc: error: unrecognized option '-V'
gcc: fatal error: no input files
compilation terminated.
configure:2039: $? = 4
configure:2062: checking for C compiler default output file name
configure:2084: gcc    conftest.c  >&5
configure:2088: $? = 0
configure:2126: result: a.out
configure:2145: checking whether the C compiler works
configure:2155: ./a.out
configure:2159: $? = 0
configure:2178: result: yes
configure:2185: checking whether we are cross compiling
configure:2187: result: no
configure:2190: checking for suffix of executables
configure:2197: gcc -o conftest    conftest.c  >&5
configure:2201: $? = 0
configure:2227: result: 
configure:2233: checking for suffix of object files
configure:2259: gcc -c   conftest.c >&5
configure:2263: $? = 0
configure:2288: result: o
configure:2292: checking whether we are using the GNU C compiler
configure:2321: gcc -c   conftest.c >&5
configure:2328: $? = 0
configure:2345: result: yes
configure:2354: checking whether gcc accepts -g
configure:2384: gcc -c -g  conftest.c >&5
configure:2391: $? = 0
configure:2492: result: yes
configure:2509: checking for gcc option to accept ISO C89
configure:2583: gcc  -c -g -O2  conftest.c >&5
configure:2590: $? = 0
configure:2613: result: none needed
configure:2689: checking for g++
configure:2705: found /usr/bin/g++
configure:2716: result: g++
configure:2743: checking for C++ compiler version
configure:2751: g++ --version >&5
g++ (Ubuntu/Linaro 4.6.1-9ubuntu3) 4.6.1
Copyright (C) 2011 Free Software Foundation, Inc.
This is free software; see the source for copying conditions.  There is NO
warranty; not even for MERCHANTABILITY or FITNESS FOR A PARTICULAR PURPOSE.

configure:2755: $? = 0
configure:2762: g++ -v >&5
Using built-in specs.
COLLECT_GCC=g++
COLLECT_LTO_WRAPPER=/usr/lib/gcc/i686-linux-gnu/4.6.1/lto-wrapper
Target: i686-linux-gnu
Configured with: ../src/configure -v --with-pkgversion='Ubuntu/Linaro 4.6.1-9ubuntu3' --with-bugurl=file:///usr/share/doc/gcc-4.6/README.Bugs --enable-languages=c,c++,fortran,objc,obj-c++,go --prefix=/usr --program-suffix=-4.6 --enable-shared --enable-linker-build-id --with-system-zlib --libexecdir=/usr/lib --without-included-gettext --enable-threads=posix --with-gxx-include-dir=/usr/include/c++/4.6 --libdir=/usr/lib --enable-nls --with-sysroot=/ --enable-clocale=gnu --enable-libstdcxx-debug --enable-libstdcxx-time=yes --enable-plugin --enable-objc-gc --enable-targets=all --disable-werror --with-arch-32=i686 --with-tune=generic --enable-checking=release --build=i686-linux-gnu --host=i686-linux-gnu --target=i686-linux-gnu
Thread model: posix
gcc version 4.6.1 (Ubuntu/Linaro 4.6.1-9ubuntu3) 
configure:2766: $? = 0
configure:2773: g++ -V >&5
g++: error: unrecognized option '-V'
g++: fatal error: no input files
compilation terminated.
configure:2777: $? = 4
configure:2780: checking whether we are using the GNU C++ compiler
configure:2809: g++ -c   conftest.cpp >&5
configure:2816: $? = 0
configure:2833: result: yes
configure:2842: checking whether g++ accepts -g
configure:2872: g++ -c -g  conftest.cpp >&5
configure:2879: $? = 0
configure:2980: result: yes
configure:3010: checking how to run the C preprocessor
configure:3050: gcc -E  conftest.c
configure:3057: $? = 0
configure:3088: gcc -E  conftest.c
conftest.c:8:28: fatal error: ac_nonexistent.h: No such file or directory
compilation terminated.
configure:3095: $? = 1
configure: failed program was:
| /* confdefs.h.  */
| #define PACKAGE_NAME "quda"
| #define PACKAGE_TARNAME "quda"
| #define PACKAGE_VERSION "0.4"
| #define PACKAGE_STRING "quda 0.4"
| #define PACKAGE_BUGREPORT "mikec@seas.harvard.edu"
| /* end confdefs.h.  */
| #include <ac_nonexistent.h>
configure:3128: result: gcc -E
configure:3157: gcc -E  conftest.c
configure:3164: $? = 0
configure:3195: gcc -E  conftest.c
conftest.c:8:28: fatal error: ac_nonexistent.h: No such file or directory
compilation terminated.
configure:3202: $? = 1
configure: failed program was:
| /* confdefs.h.  */
| #define PACKAGE_NAME "quda"
| #define PACKAGE_TARNAME "quda"
| #define PACKAGE_VERSION "0.4"
| #define PACKAGE_STRING "quda 0.4"
| #define PACKAGE_BUGREPORT "mikec@seas.harvard.edu"
| /* end confdefs.h.  */
| #include <ac_nonexistent.h>
configure:3242: checking for grep that handles long lines and -e
configure:3302: result: /bin/grep
configure:3307: checking for egrep
configure:3371: result: /bin/grep -E
configure:3376: checking for ANSI C header files
configure:3406: gcc -c -g -O2  conftest.c >&5
configure:3413: $? = 0
configure:3512: gcc -o conftest -g -O2   conftest.c  >&5
configure:3516: $? = 0
configure:3522: ./conftest
configure:3526: $? = 0
configure:3544: result: yes
configure:3568: checking for sys/types.h
configure:3589: gcc -c -g -O2  conftest.c >&5
configure:3596: $? = 0
configure:3613: result: yes
configure:3568: checking for sys/stat.h
configure:3589: gcc -c -g -O2  conftest.c >&5
configure:3596: $? = 0
configure:3613: result: yes
configure:3568: checking for stdlib.h
configure:3589: gcc -c -g -O2  conftest.c >&5
configure:3596: $? = 0
configure:3613: result: yes
configure:3568: checking for string.h
configure:3589: gcc -c -g -O2  conftest.c >&5
configure:3596: $? = 0
configure:3613: result: yes
configure:3568: checking for memory.h
configure:3589: gcc -c -g -O2  conftest.c >&5
configure:3596: $? = 0
configure:3613: result: yes
configure:3568: checking for strings.h
configure:3589: gcc -c -g -O2  conftest.c >&5
configure:3596: $? = 0
configure:3613: result: yes
configure:3568: checking for inttypes.h
configure:3589: gcc -c -g -O2  conftest.c >&5
configure:3596: $? = 0
configure:3613: result: yes
configure:3568: checking for stdint.h
configure:3589: gcc -c -g -O2  conftest.c >&5
configure:3596: $? = 0
configure:3613: result: yes
configure:3568: checking for unistd.h
configure:3589: gcc -c -g -O2  conftest.c >&5
configure:3596: $? = 0
configure:3613: result: yes
configure:3637: checking numa.h usability
configure:3654: gcc -c -g -O2  conftest.c >&5
conftest.c:51:18: fatal error: numa.h: No such file or directory
compilation terminated.
configure:3661: $? = 1
configure: failed program was:
| /* confdefs.h.  */
| #define PACKAGE_NAME "quda"
| #define PACKAGE_TARNAME "quda"
| #define PACKAGE_VERSION "0.4"
| #define PACKAGE_STRING "quda 0.4"
| #define PACKAGE_BUGREPORT "mikec@seas.harvard.edu"
| #define STDC_HEADERS 1
| #define HAVE_SYS_TYPES_H 1
| #define HAVE_SYS_STAT_H 1
| #define HAVE_STDLIB_H 1
| #define HAVE_STRING_H 1
| #define HAVE_MEMORY_H 1
| #define HAVE_STRINGS_H 1
| #define HAVE_INTTYPES_H 1
| #define HAVE_STDINT_H 1
| #define HAVE_UNISTD_H 1
| /* end confdefs.h.  */
| #include <stdio.h>
| #ifdef HAVE_SYS_TYPES_H
| # include <sys/types.h>
| #endif
| #ifdef HAVE_SYS_STAT_H
| # include <sys/stat.h>
| #endif
| #ifdef STDC_HEADERS
| # include <stdlib.h>
| # include <stddef.h>
| #else
| # ifdef HAVE_STDLIB_H
| #  include <stdlib.h>
| # endif
| #endif
| #ifdef HAVE_STRING_H
| # if !defined STDC_HEADERS && defined HAVE_MEMORY_H
| #  include <memory.h>
| # endif
| # include <string.h>
| #endif
| #ifdef HAVE_STRINGS_H
| # include <strings.h>
| #endif
| #ifdef HAVE_INTTYPES_H
| # include <inttypes.h>
| #endif
| #ifdef HAVE_STDINT_H
| # include <stdint.h>
| #endif
| #ifdef HAVE_UNISTD_H
| # include <unistd.h>
| #endif
| #include <numa.h>
configure:3675: result: no
configure:3679: checking numa.h presence
configure:3694: gcc -E  conftest.c
conftest.c:18:18: fatal error: numa.h: No such file or directory
compilation terminated.
configure:3701: $? = 1
configure: failed program was:
| /* confdefs.h.  */
| #define PACKAGE_NAME "quda"
| #define PACKAGE_TARNAME "quda"
| #define PACKAGE_VERSION "0.4"
| #define PACKAGE_STRING "quda 0.4"
| #define PACKAGE_BUGREPORT "mikec@seas.harvard.edu"
| #define STDC_HEADERS 1
| #define HAVE_SYS_TYPES_H 1
| #define HAVE_SYS_STAT_H 1
| #define HAVE_STDLIB_H 1
| #define HAVE_STRING_H 1
| #define HAVE_MEMORY_H 1
| #define HAVE_STRINGS_H 1
| #define HAVE_INTTYPES_H 1
| #define HAVE_STDINT_H 1
| #define HAVE_UNISTD_H 1
| /* end confdefs.h.  */
| #include <numa.h>
configure:3715: result: no
configure:3748: checking for numa.h
configure:3755: result: no
configure:4241: Setting CUDA_INSTALL_PATH = /usr/local/cuda 
configure:4246: Setting CPU_ARCH = x86_64 
configure:4251: Setting GPU_ARCH = sm_20 
configure:4256: Setting OS = linux 
configure:4261: Setting QUDA_PYTHON = python 
configure:4266: Setting DEVICE = 0 
configure:4271: Setting HOST_DEBUG = no 
configure:4276: Setting DEVICE_DEBUG = no 
configure:4281: Setting VERBOSE = no 
configure:4286: Setting DSLASH_PROFILING = no 
configure:4291: Setting BUILD_WILSON_DIRAC = yes 
configure:4296: Setting BUILD_CLOVER_DIRAC = yes 
configure:4301: Setting BUILD_DOMAIN_WALL_DIRAC = yes 
configure:4306: Setting BUILD_STAGGERED_DIRAC = yes 
configure:4311: Setting BUILD_TWISTED_MASS_DIRAC = yes 
configure:4316: Setting BUILD_FATLINK = no  
configure:4321: Setting BUILD_HISQLINK = no  
configure:4326: Setting BUILD_GAUGE_FORCE = no  
configure:4331: Setting BUILD_FERMION_FORCE = no  
configure:4336: Setting BUILD_HISQ_FORCE = no  
configure:4341: Setting BUILD_MULTI_GPU = no  
configure:4346: Setting BUILD_QMP = no 
configure:4351: Setting BUILD_MPI = no 
configure:4356: Setting OVERLAP_COMMS= yes
configure:4361: Setting BUILD_QIO = no 
configure:4366: Setting FECC = gcc 
configure:4371: Setting FECXX = g++ 
configure:4376: Setting MPI_HOME=
configure:4381: Setting QMP_HOME=
configure:4386: Setting QIO_HOME=
configure:4391: Setting HAVE_NUMA=no
configure:4396: Setting FERMI_DBLE_TEX= no
configure:4541: creating ./config.status

## ---------------------- ##
## Running config.status. ##
## ---------------------- ##

This file was extended by quda config.status 0.4, which was
generated by GNU Autoconf 2.63.  Invocation command line was

  CONFIG_FILES    = 
  CONFIG_HEADERS  = 
  CONFIG_LINKS    = 
  CONFIG_COMMANDS = 
  $ ./config.status 

on justin-laptop

config.status:680: creating make.inc

## ---------------- ##
## Cache variables. ##
## ---------------- ##

ac_cv_c_compiler_gnu=yes
ac_cv_cxx_compiler_gnu=yes
ac_cv_env_CCC_set=
ac_cv_env_CCC_value=
ac_cv_env_CC_set=
ac_cv_env_CC_value=
ac_cv_env_CFLAGS_set=
ac_cv_env_CFLAGS_value=
ac_cv_env_CPPFLAGS_set=
ac_cv_env_CPPFLAGS_value=
ac_cv_env_CPP_set=
ac_cv_env_CPP_value=
ac_cv_env_CXXFLAGS_set=
ac_cv_env_CXXFLAGS_value=
ac_cv_env_CXX_set=
ac_cv_env_CXX_value=
ac_cv_env_LDFLAGS_set=
ac_cv_env_LDFLAGS_value=
ac_cv_env_LIBS_set=
ac_cv_env_LIBS_value=
ac_cv_env_build_alias_set=
ac_cv_env_build_alias_value=
ac_cv_env_host_alias_set=
ac_cv_env_host_alias_value=
ac_cv_env_target_alias_set=
ac_cv_env_target_alias_value=
ac_cv_header_inttypes_h=yes
ac_cv_header_memory_h=yes
ac_cv_header_numa_h=no
ac_cv_header_stdc=yes
ac_cv_header_stdint_h=yes
ac_cv_header_stdlib_h=yes
ac_cv_header_string_h=yes
ac_cv_header_strings_h=yes
ac_cv_header_sys_stat_h=yes
ac_cv_header_sys_types_h=yes
ac_cv_header_unistd_h=yes
ac_cv_objext=o
ac_cv_path_EGREP='/bin/grep -E'
ac_cv_path_GREP=/bin/grep
ac_cv_prog_CPP='gcc -E'
ac_cv_prog_ac_ct_CC=gcc
ac_cv_prog_ac_ct_CXX=g++
ac_cv_prog_cc_c89=
ac_cv_prog_cc_g=yes
ac_cv_prog_cxx_g=yes

## ----------------- ##
## Output variables. ##
## ----------------- ##

BUILD_CLOVER_DIRAC='yes'
BUILD_DOMAIN_WALL_DIRAC='yes'
BUILD_FATLINK='no'
BUILD_FERMION_FORCE='no'
BUILD_GAUGE_FORCE='no'
BUILD_HISQLINK='no'
BUILD_HISQ_FORCE='no'
BUILD_MPI='no'
BUILD_MULTI_GPU='no'
BUILD_QIO='no'
BUILD_QMP='no'
BUILD_STAGGERED_DIRAC='yes'
BUILD_TWISTED_MASS_DIRAC='yes'
BUILD_WILSON_DIRAC='yes'
CC='gcc'
CFLAGS='-g -O2'
CPP='gcc -E'
CPPFLAGS=''
CPU_ARCH='x86_64'
CUDA_INSTALL_PATH='/usr/local/cuda'
CXX='g++'
CXXFLAGS='-g -O2'
DEFS='-DPACKAGE_NAME=\"quda\" -DPACKAGE_TARNAME=\"quda\" -DPACKAGE_VERSION=\"0.4\" -DPACKAGE_STRING=\"quda\ 0.4\" -DPACKAGE_BUGREPORT=\"mikec@seas.harvard.edu\" -DSTDC_HEADERS=1 -DHAVE_SYS_TYPES_H=1 -DHAVE_SYS_STAT_H=1 -DHAVE_STDLIB_H=1 -DHAVE_STRING_H=1 -DHAVE_MEMORY_H=1 -DHAVE_STRINGS_H=1 -DHAVE_INTTYPES_H=1 -DHAVE_STDINT_H=1 -DHAVE_UNISTD_H=1'
DEVICE='0'
DEVICE_DEBUG='no'
DSLASH_PROFILING='no'
ECHO_C=''
ECHO_N='-n'
ECHO_T=''
EGREP='/bin/grep -E'
EXEEXT=''
FECC='gcc'
FECXX='g++'
FERMI_DBLE_TEX='no'
GPU_ARCH='sm_20'
GREP='/bin/grep'
HAVE_NUMA='no'
HOST_DEBUG='no'
LDFLAGS=''
LIBOBJS=''
LIBS=''
LTLIBOBJS=''
MPI_HOME=''
OBJEXT='o'
OVERLAP_COMMS='yes'
PACKAGE_BUGREPORT='mikec@seas.harvard.edu'
PACKAGE_NAME='quda'
PACKAGE_STRING='quda 0.4'
PACKAGE_TARNAME='quda'
PACKAGE_VERSION='0.4'
PATH_SEPARATOR=':'
QIO_HOME=''
QMP_HOME=''
QUDA_OS='linux'
QUDA_PYTHON='python'
SHELL='/bin/bash'
VERBOSE='no'
ac_ct_CC='gcc'
ac_ct_CXX='g++'
bindir='${exec_prefix}/bin'
build_alias=''
datadir='${datarootdir}'
datarootdir='${prefix}/share'
docdir='${datarootdir}/doc/${PACKAGE_TARNAME}'
dvidir='${docdir}'
exec_prefix='${prefix}'
host_alias=''
htmldir='${docdir}'
includedir='${prefix}/include'
infodir='${datarootdir}/info'
libdir='${exec_prefix}/lib'
libexecdir='${exec_prefix}/libexec'
localedir='${datarootdir}/locale'
localstatedir='${prefix}/var'
mandir='${datarootdir}/man'
oldincludedir='/usr/include'
pdfdir='${docdir}'
prefix='/usr/local'
program_transform_name='s,x,x,'
psdir='${docdir}'
sbindir='${exec_prefix}/sbin'
sharedstatedir='${prefix}/com'
sysconfdir='${prefix}/etc'
target_alias=''

## ----------- ##
## confdefs.h. ##
## ----------- ##

#define PACKAGE_NAME "quda"
#define PACKAGE_TARNAME "quda"
#define PACKAGE_VERSION "0.4"
#define PACKAGE_STRING "quda 0.4"
#define PACKAGE_BUGREPORT "mikec@seas.harvard.edu"
#define STDC_HEADERS 1
#define HAVE_SYS_TYPES_H 1
#define HAVE_SYS_STAT_H 1
#define HAVE_STDLIB_H 1
#define HAVE_STRING_H 1
#define HAVE_MEMORY_H 1
#define HAVE_STRINGS_H 1
#define HAVE_INTTYPES_H 1
#define HAVE_STDINT_H 1
#define HAVE_UNISTD_H 1

configure: exit 0
